<?xml version="1.0" encoding="UTF-8"?>
<!-- Generated by org.testng.reporters.JUnitReportReporter -->
<testsuite skipped="0" hostname="LisaMaicha" name="test.AddCustomerTest" tests="1" failures="0" timestamp="2021-07-22T14:07:19 CDT" time="7.891" errors="0">
  <testcase name="validUserShoulbBeToAddCustomer" time="7.891" classname="test.AddCustomerTest"/>
  <system-out/>
</testsuite> <!-- test.AddCustomerTest -->
