<?xml version="1.0" encoding="UTF-8"?>
<!-- Generated by org.testng.reporters.JUnitReportReporter -->
<testsuite skipped="0" hostname="LisaMaicha" name="test.DashBoardTest" tests="1" failures="0" timestamp="2021-07-22T14:02:44 CDT" time="8.104" errors="0">
  <testcase name="validateDashBoard" time="8.104" classname="test.DashBoardTest"/>
  <system-out/>
</testsuite> <!-- test.DashBoardTest -->
