<?xml version="1.0" encoding="UTF-8"?>
<!-- Generated by org.testng.reporters.JUnitReportReporter -->
<testsuite skipped="0" hostname="LisaMaicha" name="test.LoginTest" tests="1" failures="0" timestamp="2021-07-23T15:53:55 CDT" time="4.483" errors="0">
  <testcase name="validUserShoulbBeAbletoLogin" time="4.483" classname="test.LoginTest"/>
  <system-out/>
</testsuite> <!-- test.LoginTest -->
